#
# There is insufficient memory for the Java Runtime Environment to continue.
# Native memory allocation (malloc) failed to allocate 327728 bytes for Chunk::new
# Possible reasons:
#   The system is out of physical RAM or swap space
#   In 32 bit mode, the process size limit was hit
# Possible solutions:
#   Reduce memory load on the system
#   Increase physical memory or swap space
#   Check if swap backing store is full
#   Use 64 bit Java on a 64 bit OS
#   Decrease Java heap size (-Xmx/-Xms)
#   Decrease number of Java threads
#   Decrease Java thread stack sizes (-Xss)
#   Set larger code cache with -XX:ReservedCodeCacheSize=
# This output file may be truncated or incomplete.
#
#  Out of Memory Error (allocation.cpp:390), pid=139120, tid=138860
#
# JRE version: Java(TM) SE Runtime Environment (8.0_60-b27) (build 1.8.0_60-b27)
# Java VM: Java HotSpot(TM) 64-Bit Server VM (25.60-b23 mixed mode windows-amd64 compressed oops)
# Failed to write core dump. Minidumps are not enabled by default on client versions of Windows
#

---------------  T H R E A D  ---------------

Current thread (0x000000001d60d800):  JavaThread "C2 CompilerThread0" daemon [_thread_in_native, id=138860, stack(0x000000001ebe0000,0x000000001ece0000)]

Stack: [0x000000001ebe0000,0x000000001ece0000]
[error occurred during error reporting (printing stack bounds), id 0xc0000005]

Native frames: (J=compiled Java code, j=interpreted, Vv=VM code, C=native code)


Current CompileTask:
C2:   1078 1071       4       sun.misc.URLClassPath::getResource (83 bytes)


---------------  P R O C E S S  ---------------

Java Threads: ( => current thread )
  0x000000001d8cf800 JavaThread "ReaderThread" [_thread_in_native, id=98532, stack(0x000000001fc00000,0x000000001fd00000)]
  0x000000001d681800 JavaThread "Service Thread" daemon [_thread_blocked, id=138812, stack(0x000000001f2f0000,0x000000001f3f0000)]
  0x000000001d637000 JavaThread "C1 CompilerThread3" daemon [_thread_blocked, id=138684, stack(0x000000001f0a0000,0x000000001f1a0000)]
  0x000000001d62e000 JavaThread "C2 CompilerThread2" daemon [_thread_blocked, id=138996, stack(0x000000001ed20000,0x000000001ee20000)]
  0x000000001d611800 JavaThread "C2 CompilerThread1" daemon [_thread_blocked, id=138700, stack(0x000000001ee80000,0x000000001ef80000)]
=>0x000000001d60d800 JavaThread "C2 CompilerThread0" daemon [_thread_in_native, id=138860, stack(0x000000001ebe0000,0x000000001ece0000)]
  0x000000001d5ff800 JavaThread "Attach Listener" daemon [_thread_blocked, id=130376, stack(0x000000001e500000,0x000000001e600000)]
  0x000000001d609800 JavaThread "Signal Dispatcher" daemon [_thread_blocked, id=138096, stack(0x000000001ea30000,0x000000001eb30000)]
  0x000000001c53d800 JavaThread "Finalizer" daemon [_thread_blocked, id=138504, stack(0x000000001e750000,0x000000001e850000)]
  0x000000001c536800 JavaThread "Reference Handler" daemon [_thread_blocked, id=139048, stack(0x000000001e8a0000,0x000000001e9a0000)]
  0x000000000267e800 JavaThread "main" [_thread_in_vm, id=138820, stack(0x00000000028b0000,0x00000000029b0000)]

Other Threads:
  0x000000001d5a2800 VMThread [stack: 0x000000001e640000,0x000000001e740000] [id=138568]
  0x000000001d6af000 WatcherThread [stack: 0x000000001ef80000,0x000000001f080000] [id=138796]

VM state:not at safepoint (normal execution)

VM Mutex/Monitor currently owned by a thread: None

Heap:
 PSYoungGen      total 76288K, used 45912K [0x000000076b200000, 0x0000000770700000, 0x00000007c0000000)
  eden space 65536K, 70% used [0x000000076b200000,0x000000076ded6038,0x000000076f200000)
  from space 10752K, 0% used [0x000000076fc80000,0x000000076fc80000,0x0000000770700000)
  to   space 10752K, 0% used [0x000000076f200000,0x000000076f200000,0x000000076fc80000)
 ParOldGen       total 175104K, used 0K [0x00000006c1600000, 0x00000006cc100000, 0x000000076b200000)
  object space 175104K, 0% used [0x00000006c1600000,0x00000006c1600000,0x00000006cc100000)
 Metaspace       used 13800K, capacity 14050K, committed 14080K, reserved 1060864K
  class space    used 1681K, capacity 1773K, committed 1792K, reserved 1048576K

Card table byte_map: [0x0000000011d70000,0x0000000012570000] byte_map_base: 0x000000000e765000

Marking Bits: (ParMarkBitMap*) 0x00000000566fa5b0
 Begin Bits: [0x0000000013400000, 0x00000000173a8000)
 End Bits:   [0x00000000173a8000, 0x000000001b350000)

Polling page: 0x0000000000350000

CodeCache: size=245760Kb used=3664Kb max_used=3664Kb free=242095Kb
 bounds [0x00000000029b0000, 0x0000000002d50000, 0x00000000119b0000]
 total_blobs=1430 nmethods=1073 adapters=270
 compilation: enabled

Compilation events (10 events):
Event: 1.020 Thread 0x000000001d62e000 nmethod 1064 0x0000000002d3e3d0 code [0x0000000002d3e560, 0x0000000002d3eed8]
Event: 1.020 Thread 0x000000001d637000 nmethod 1067 0x0000000002d40250 code [0x0000000002d40400, 0x0000000002d40988]
Event: 1.020 Thread 0x000000001d637000 1068       3       java.util.ArrayList::<init> (61 bytes)
Event: 1.020 Thread 0x000000001d611800 nmethod 1069 0x0000000002d3a510 code [0x0000000002d3a640, 0x0000000002d3a6d8]
Event: 1.020 Thread 0x000000001d637000 nmethod 1068 0x0000000002d47390 code [0x0000000002d475a0, 0x0000000002d48038]
Event: 1.020 Thread 0x000000001d637000 1070       3       java.util.Collections$UnmodifiableCollection$1::next (10 bytes)
Event: 1.020 Thread 0x000000001d637000 nmethod 1070 0x0000000002d3df90 code [0x0000000002d3e100, 0x0000000002d3e328]
Event: 1.049 Thread 0x000000001d60d800 1071       4       sun.misc.URLClassPath::getResource (83 bytes)
Event: 1.073 Thread 0x000000001d637000 1072       3       org.apache.http.util.Args::notNull (33 bytes)
Event: 1.073 Thread 0x000000001d637000 nmethod 1072 0x0000000002d46610 code [0x0000000002d467e0, 0x0000000002d46ff8]

GC Heap History (0 events):
No events

Deoptimization events (8 events):
Event: 0.375 Thread 0x000000000267e800 Uncommon trap: reason=unstable_if action=reinterpret pc=0x0000000002b308ec method=java.lang.String.indexOf([CII[CIII)I @ 134
Event: 0.648 Thread 0x000000000267e800 Uncommon trap: reason=unstable_if action=reinterpret pc=0x0000000002c0c728 method=java.util.concurrent.ConcurrentHashMap.get(Ljava/lang/Object;)Ljava/lang/Object; @ 62
Event: 0.650 Thread 0x000000000267e800 Uncommon trap: reason=unstable_if action=reinterpret pc=0x0000000002bb11e4 method=java.util.HashMap.hash(Ljava/lang/Object;)I @ 1
Event: 0.741 Thread 0x000000000267e800 Uncommon trap: reason=unstable_if action=reinterpret pc=0x0000000002c49db0 method=sun.misc.MetaIndex.mayContain(Ljava/lang/String;)Z @ 38
Event: 0.773 Thread 0x000000000267e800 Uncommon trap: reason=unstable_if action=reinterpret pc=0x0000000002c1f544 method=sun.misc.MetaIndex.mayContain(Ljava/lang/String;)Z @ 38
Event: 0.877 Thread 0x000000000267e800 Uncommon trap: reason=unstable_if action=reinterpret pc=0x0000000002bfd348 method=java.util.LinkedHashMap.get(Ljava/lang/Object;)Ljava/lang/Object; @ 20
Event: 0.950 Thread 0x000000000267e800 Uncommon trap: reason=unstable_if action=reinterpret pc=0x0000000002c15d10 method=java.util.concurrent.ConcurrentHashMap.containsKey(Ljava/lang/Object;)Z @ 5
Event: 1.019 Thread 0x000000000267e800 Uncommon trap: reason=range_check action=make_not_entrant pc=0x0000000002bb67e8 method=sun.reflect.generics.parser.SignatureParser.current()C @ 34

Internal exceptions (10 events):
Event: 0.737 Thread 0x000000000267e800 Exception <a 'java/lang/NoClassDefFoundError': org/apache/log4j/Category> (0x000000076c7330b0) thrown at [C:\re\workspace\8-2-build-windows-amd64-cygwin\jdk8u60\4407\hotspot\src\share\vm\classfile\systemDictionary.cpp, line 199]
Event: 0.808 Thread 0x000000000267e800 Exception <a 'java/lang/NoSuchFieldError': method resolution failed> (0x000000076c91ecf8) thrown at [C:\re\workspace\8-2-build-windows-amd64-cygwin\jdk8u60\4407\hotspot\src\share\vm\prims\methodHandles.cpp, line 1146]
Event: 0.809 Thread 0x000000000267e800 Exception <a 'java/lang/NoSuchFieldError': method resolution failed> (0x000000076c92c788) thrown at [C:\re\workspace\8-2-build-windows-amd64-cygwin\jdk8u60\4407\hotspot\src\share\vm\prims\methodHandles.cpp, line 1146]
Event: 0.950 Thread 0x000000000267e800 Implicit null exception at 0x0000000002c15aa1 to 0x0000000002c15d01
Event: 1.020 Thread 0x000000000267e800 Exception <a 'java/lang/ArrayIndexOutOfBoundsException': 90> (0x000000076da72a08) thrown at [C:\re\workspace\8-2-build-windows-amd64-cygwin\jdk8u60\4407\hotspot\src\share\vm\interpreter\interpreterRuntime.cpp, line 366]
Event: 1.020 Thread 0x000000000267e800 Exception <a 'java/lang/ArrayIndexOutOfBoundsException': 105> (0x000000076da74378) thrown at [C:\re\workspace\8-2-build-windows-amd64-cygwin\jdk8u60\4407\hotspot\src\share\vm\interpreter\interpreterRuntime.cpp, line 366]
Event: 1.020 Thread 0x000000000267e800 Exception <a 'java/lang/ArrayIndexOutOfBoundsException': 60> (0x000000076da757a0) thrown at [C:\re\workspace\8-2-build-windows-amd64-cygwin\jdk8u60\4407\hotspot\src\share\vm\interpreter\interpreterRuntime.cpp, line 366]
Event: 1.072 Thread 0x000000000267e800 Exception <a 'sun/net/ConnectionResetException': > (0x000000076de5c9e0) thrown at [C:\re\workspace\8-2-build-windows-amd64-cygwin\jdk8u60\4407\hotspot\src\share\vm\prims\jni.cpp, line 735]
Event: 1.073 Thread 0x000000000267e800 Exception <a 'sun/net/ConnectionResetException': > (0x000000076de5cdf8) thrown at [C:\re\workspace\8-2-build-windows-amd64-cygwin\jdk8u60\4407\hotspot\src\share\vm\prims\jni.cpp, line 735]
Event: 1.074 Thread 0x000000000267e800 Exception <a 'java/lang/reflect/InvocationTargetException'> (0x000000076de6dbc8) thrown at [C:\re\workspace\8-2-build-windows-amd64-cygwin\jdk8u60\4407\hotspot\src\share\vm\runtime\reflection.cpp, line 1092]

Events (10 events):
Event: 1.055 loading class org/apache/http/FormattedHeader
Event: 1.055 loading class org/apache/http/FormattedHeader done
Event: 1.072 loading class sun/net/ConnectionResetException
Event: 1.072 loading class sun/net/ConnectionResetException done
Event: 1.073 loading class org/apache/http/impl/client/RequestWrapper
Event: 1.073 loading class org/apache/http/impl/client/RequestWrapper done
Event: 1.074 loading class org/openqa/selenium/remote/Response
Event: 1.074 loading class org/openqa/selenium/remote/Response done
Event: 1.074 loading class org/openqa/selenium/internal/BuildInfo
Event: 1.074 loading class org/openqa/selenium/internal/BuildInfo done


Dynamic libraries:
0x000000013f5a0000 - 0x000000013f5d7000 	C:\Program Files\Java\jdk1.8.0_60\bin\javaw.exe
0x0000000077000000 - 0x00000000771aa000 	C:\Windows\SYSTEM32\ntdll.dll
0x0000000076de0000 - 0x0000000076eff000 	C:\Windows\system32\kernel32.dll
0x000007fefce70000 - 0x000007fefceda000 	C:\Windows\system32\KERNELBASE.dll
0x0000000074a50000 - 0x0000000074ad9000 	C:\Windows\System32\SYSFER.DLL
0x000007fefeec0000 - 0x000007fefef9b000 	C:\Windows\system32\ADVAPI32.dll
0x000007fefdeb0000 - 0x000007fefdf4f000 	C:\Windows\system32\msvcrt.dll
0x000007fefdb50000 - 0x000007fefdb6f000 	C:\Windows\SYSTEM32\sechost.dll
0x000007fefd310000 - 0x000007fefd43d000 	C:\Windows\system32\RPCRT4.dll
0x0000000076f00000 - 0x0000000076ffa000 	C:\Windows\system32\USER32.dll
0x000007fefda40000 - 0x000007fefdaa7000 	C:\Windows\system32\GDI32.dll
0x000007fefdb40000 - 0x000007fefdb4e000 	C:\Windows\system32\LPK.dll
0x000007fefd520000 - 0x000007fefd5ea000 	C:\Windows\system32\USP10.dll
0x000007fefb1f0000 - 0x000007fefb3e4000 	C:\Windows\WinSxS\amd64_microsoft.windows.common-controls_6595b64144ccf1df_6.0.7601.18837_none_fa3b1e3d17594757\COMCTL32.dll
0x000007fefdac0000 - 0x000007fefdb31000 	C:\Windows\system32\SHLWAPI.dll
0x000007fefe100000 - 0x000007fefe12e000 	C:\Windows\system32\IMM32.DLL
0x000007fefdff0000 - 0x000007fefe0f9000 	C:\Windows\system32\MSCTF.dll
0x0000000066f80000 - 0x0000000067052000 	C:\Program Files\Java\jdk1.8.0_60\jre\bin\msvcr100.dll
0x0000000055ef0000 - 0x0000000056779000 	C:\Program Files\Java\jdk1.8.0_60\jre\bin\server\jvm.dll
0x000007fef84e0000 - 0x000007fef84e9000 	C:\Windows\system32\WSOCK32.dll
0x000007fefde40000 - 0x000007fefde8d000 	C:\Windows\system32\WS2_32.dll
0x000007fefdab0000 - 0x000007fefdab8000 	C:\Windows\system32\NSI.dll
0x000007fefb180000 - 0x000007fefb1bb000 	C:\Windows\system32\WINMM.dll
0x000007fefbe10000 - 0x000007fefbe1c000 	C:\Windows\system32\VERSION.dll
0x00000000771d0000 - 0x00000000771d7000 	C:\Windows\system32\PSAPI.DLL
0x00000000721c0000 - 0x00000000721cf000 	C:\Program Files\Java\jdk1.8.0_60\jre\bin\verify.dll
0x000000006f130000 - 0x000000006f159000 	C:\Program Files\Java\jdk1.8.0_60\jre\bin\java.dll
0x000000006e820000 - 0x000000006e836000 	C:\Program Files\Java\jdk1.8.0_60\jre\bin\zip.dll
0x000007fefe130000 - 0x000007fefeebc000 	C:\Windows\system32\SHELL32.dll
0x000007fefd100000 - 0x000007fefd303000 	C:\Windows\system32\ole32.dll
0x000007fefcd40000 - 0x000007fefcd4f000 	C:\Windows\system32\profapi.dll
0x000000006b790000 - 0x000000006b7aa000 	C:\Program Files\Java\jdk1.8.0_60\jre\bin\net.dll
0x000007fefc610000 - 0x000007fefc665000 	C:\Windows\system32\mswsock.dll
0x000007fefc5e0000 - 0x000007fefc5e7000 	C:\Windows\System32\wship6.dll
0x000007fefbee0000 - 0x000007fefbee7000 	C:\Windows\System32\wshtcpip.dll
0x000007fefc360000 - 0x000007fefc3bb000 	C:\Windows\system32\DNSAPI.dll
0x000000006fc30000 - 0x000000006fc56000 	C:\Program Files\Bonjour\mdnsNSP.dll
0x000007fefa9b0000 - 0x000007fefa9d7000 	C:\Windows\system32\Iphlpapi.DLL
0x000007fefa9a0000 - 0x000007fefa9ab000 	C:\Windows\system32\WINNSI.DLL
0x000007fef3f90000 - 0x000007fef3f98000 	C:\Windows\system32\rasadhlp.dll
0x000007fefa820000 - 0x000007fefa873000 	C:\Windows\System32\fwpuclnt.dll
0x000007fefc6e0000 - 0x000007fefc6f8000 	C:\Windows\system32\CRYPTSP.dll
0x000007fefc240000 - 0x000007fefc287000 	C:\Windows\system32\rsaenh.dll
0x000007fefcd60000 - 0x000007fefcd7e000 	C:\Windows\system32\USERENV.dll
0x000007fefcbe0000 - 0x000007fefcbef000 	C:\Windows\system32\CRYPTBASE.dll
0x000007fefa6f0000 - 0x000007fefa701000 	C:\Windows\system32\dhcpcsvc6.DLL
0x000007fefa560000 - 0x000007fefa578000 	C:\Windows\system32\dhcpcsvc.DLL
0x000000006b770000 - 0x000000006b781000 	C:\Program Files\Java\jdk1.8.0_60\jre\bin\nio.dll
0x000000006ae00000 - 0x000000006ae24000 	C:\Program Files\Java\jdk1.8.0_60\jre\bin\sunec.dll
0x000007fefb660000 - 0x000007fefb675000 	C:\Windows\system32\NLAapi.dll
0x000007feef510000 - 0x000007feef525000 	C:\Windows\system32\napinsp.dll
0x000007feefb10000 - 0x000007feefb29000 	C:\Windows\system32\pnrpnsp.dll
0x000007feeb590000 - 0x000007feeb59b000 	C:\Windows\System32\winrnr.dll
0x000007feeb580000 - 0x000007feeb590000 	C:\Windows\system32\wshbth.dll

VM Arguments:
jvm_args: -ea -Dfile.encoding=MS949 
java_command: org.testng.remote.RemoteTestNG -serport 59287 -d C:\Users\NAVER\git\MusicAndroidApp\musicapp\test-output C:\Users\NAVER\AppData\Local\Temp\testng-eclipse--402429032\testng-customsuite.xml
java_class_path (initial): C:\Users\NAVER\git\MusicAndroidApp\musicapp\target\test-classes;C:\Users\NAVER\git\MusicAndroidApp\musicapp\target\classes;C:\Users\NAVER\Downloads\eclipse-jee-mars-R-win32-x86_64\eclipse\plugins\org.junit_4.12.0.v201504281640\junit.jar;C:\Users\NAVER\Downloads\eclipse-jee-mars-R-win32-x86_64\eclipse\plugins\org.hamcrest.core_1.3.0.v201303031735.jar;C:\Users\NAVER\Downloads\¼¿·¹´½½ºÅÍµð\appium_cucumber\java-client-2.1.0.jar;C:\Users\NAVER\Downloads\¼¿·¹´½½ºÅÍµð\appium_cucumber\selenium-java-2.45.0\selenium-2.45.0\selenium-java-2.45.0.jar;C:\Users\NAVER\Downloads\¼¿·¹´½½ºÅÍµð\appium_cucumber\selenium-java-2.45.0\selenium-2.45.0\selenium-java-2.45.0-srcs.jar;C:\Users\NAVER\Downloads\¼¿·¹´½½ºÅÍµð\appium_cucumber\selenium-java-2.45.0\selenium-2.45.0\libs\selenium-server-standalone-2.45.0.jar;C:\Users\NAVER\.m2\repository\junit\junit\4.12\junit-4.12.jar;C:\Users\NAVER\.m2\repository\org\hamcrest\hamcrest-core\1.3\hamcrest-core-1.3.jar
Launcher Type: SUN_STANDARD

Environment Variables:
JAVA_HOME=C:\Program Files\Java\jdk1.8.0_60
PATH=C:/Program Files/Java/jre1.8.0_102/bin/server;C:/Program Files/Java/jre1.8.0_102/bin;C:/Program Files/Java/jre1.8.0_102/lib/amd64;C:\ProgramData\Oracle\Java\javapath;C:\Program Files (x86)\iis express\PHP\v5.4;C:\Program Files (x86)\Google\Chrome\Application;C:\Windows\system32;C:\Windows;C:\Windows\System32\Wbem;C:\Windows\System32\WindowsPowerShell\v1.0\;C:\Program Files\Java\jdk1.8.0_60\bin;C:\Android\android-sdk_r24.3.4-windows\android-sdk-windows\tools;C:\Android\android-sdk_r24.3.4-windows\android-sdk-windowsplatform-tools;C:\Program Files\nodejs\;C:\Android\android-sdk_r24.3.4-windows\android-sdk-windows\platform-tools;C:\Users\NAVER\AppData\Roaming\npm;C:\Users\NAVER\Downloads\eclipse-jee-mars-R-win32-x86_64\eclipse;
USERNAME=NAVER
OS=Windows_NT
PROCESSOR_IDENTIFIER=Intel64 Family 6 Model 60 Stepping 3, GenuineIntel



---------------  S Y S T E M  ---------------

OS: Windows 7 , 64 bit Build 7601 (6.1.7601.23418)

CPU:total 8 (4 cores per cpu, 2 threads per core) family 6 model 60 stepping 3, cmov, cx8, fxsr, mmx, sse, sse2, sse3, ssse3, sse4.1, sse4.2, popcnt, avx, avx2, aes, clmul, erms, rtm, lzcnt, ht, tsc, tscinvbit, bmi1, bmi2

Memory: 4k page, physical 16681304k(2718952k free), swap 16679444k(124480k free)

vm_info: Java HotSpot(TM) 64-Bit Server VM (25.60-b23) for windows-amd64 JRE (1.8.0_60-b27), built on Aug  4 2015 11:06:27 by "java_re" with MS VC++ 10.0 (VS2010)

time: Fri Aug 26 13:58:05 2016
elapsed time: 1 seconds (0d 0h 0m 1s)

