#
# There is insufficient memory for the Java Runtime Environment to continue.
# Native memory allocation (malloc) failed to allocate 32744 bytes for ChunkPool::allocate
# Possible reasons:
#   The system is out of physical RAM or swap space
#   In 32 bit mode, the process size limit was hit
# Possible solutions:
#   Reduce memory load on the system
#   Increase physical memory or swap space
#   Check if swap backing store is full
#   Use 64 bit Java on a 64 bit OS
#   Decrease Java heap size (-Xmx/-Xms)
#   Decrease number of Java threads
#   Decrease Java thread stack sizes (-Xss)
#   Set larger code cache with -XX:ReservedCodeCacheSize=
# This output file may be truncated or incomplete.
#
#  Out of Memory Error (allocation.cpp:273), pid=133456, tid=134608
#
# JRE version: Java(TM) SE Runtime Environment (8.0_60-b27) (build 1.8.0_60-b27)
# Java VM: Java HotSpot(TM) 64-Bit Server VM (25.60-b23 mixed mode windows-amd64 compressed oops)
# Failed to write core dump. Minidumps are not enabled by default on client versions of Windows
#

---------------  T H R E A D  ---------------

Current thread (0x000000001d8bd800):  JavaThread "C2 CompilerThread0" daemon [_thread_in_native, id=134608, stack(0x000000001ef60000,0x000000001f060000)]

Stack: [0x000000001ef60000,0x000000001f060000]
[error occurred during error reporting (printing stack bounds), id 0xc0000005]

Native frames: (J=compiled Java code, j=interpreted, Vv=VM code, C=native code)


Current CompileTask:
C2:    591  524       4       org.testng.internal.annotations.JDK15AnnotationFinder::findAnnotation (68 bytes)


---------------  P R O C E S S  ---------------

Java Threads: ( => current thread )
  0x000000001f92a000 JavaThread "ReaderThread" [_thread_in_native, id=135872, stack(0x00000000203b0000,0x00000000204b0000)]
  0x000000001d941800 JavaThread "Service Thread" daemon [_thread_blocked, id=138128, stack(0x000000001f3c0000,0x000000001f4c0000)]
  0x000000001d8e7000 JavaThread "C1 CompilerThread3" daemon [_thread_in_native, id=138628, stack(0x000000001f4e0000,0x000000001f5e0000)]
  0x000000001d8de000 JavaThread "C2 CompilerThread2" daemon [_thread_in_native, id=93624, stack(0x000000001f290000,0x000000001f390000)]
  0x000000001d8c1800 JavaThread "C2 CompilerThread1" daemon [_thread_in_native, id=135208, stack(0x000000001f170000,0x000000001f270000)]
=>0x000000001d8bd800 JavaThread "C2 CompilerThread0" daemon [_thread_in_native, id=134608, stack(0x000000001ef60000,0x000000001f060000)]
  0x000000001d8af800 JavaThread "Attach Listener" daemon [_thread_blocked, id=138372, stack(0x000000001e830000,0x000000001e930000)]
  0x000000001d8b9800 JavaThread "Signal Dispatcher" daemon [_thread_blocked, id=137388, stack(0x000000001edc0000,0x000000001eec0000)]
  0x000000001c8fd800 JavaThread "Finalizer" daemon [_thread_blocked, id=136364, stack(0x000000001ec40000,0x000000001ed40000)]
  0x000000001c8f6800 JavaThread "Reference Handler" daemon [_thread_blocked, id=133416, stack(0x000000001ea50000,0x000000001eb50000)]
  0x000000000276e800 JavaThread "main" [_thread_in_Java, id=139008, stack(0x0000000002a90000,0x0000000002b90000)]

Other Threads:
  0x000000001d852800 VMThread [stack: 0x000000001e950000,0x000000001ea50000] [id=130272]
  0x000000001d96e800 WatcherThread [stack: 0x000000001f600000,0x000000001f700000] [id=133156]

VM state:not at safepoint (normal execution)

VM Mutex/Monitor currently owned by a thread: None

Heap:
 PSYoungGen      total 76288K, used 15730K [0x000000076b200000, 0x0000000770700000, 0x00000007c0000000)
  eden space 65536K, 24% used [0x000000076b200000,0x000000076c15c958,0x000000076f200000)
  from space 10752K, 0% used [0x000000076fc80000,0x000000076fc80000,0x0000000770700000)
  to   space 10752K, 0% used [0x000000076f200000,0x000000076f200000,0x000000076fc80000)
 ParOldGen       total 175104K, used 0K [0x00000006c1600000, 0x00000006cc100000, 0x000000076b200000)
  object space 175104K, 0% used [0x00000006c1600000,0x00000006c1600000,0x00000006cc100000)
 Metaspace       used 7396K, capacity 7472K, committed 7552K, reserved 1056768K
  class space    used 828K, capacity 850K, committed 896K, reserved 1048576K

Card table byte_map: [0x0000000011f50000,0x0000000012750000] byte_map_base: 0x000000000e945000

Marking Bits: (ParMarkBitMap*) 0x000000005d6da5b0
 Begin Bits: [0x00000000137c0000, 0x0000000017768000)
 End Bits:   [0x0000000017768000, 0x000000001b710000)

Polling page: 0x0000000000340000

CodeCache: size=245760Kb used=2256Kb max_used=2269Kb free=243503Kb
 bounds [0x0000000002b90000, 0x0000000002e00000, 0x0000000011b90000]
 total_blobs=830 nmethods=523 adapters=220
 compilation: enabled

Compilation events (10 events):
Event: 0.585 Thread 0x000000001d8e7000 nmethod 516 0x0000000002dbeb90 code [0x0000000002dbece0, 0x0000000002dbee90]
Event: 0.585 Thread 0x000000001d8e7000  514       3       java.lang.Class::annotationData (44 bytes)
Event: 0.585 Thread 0x000000001d8e7000 nmethod 514 0x0000000002dc1c10 code [0x0000000002dc1da0, 0x0000000002dc2108]
Event: 0.585 Thread 0x000000001d8e7000  522       3       sun.reflect.annotation.AnnotationInvocationHandler::asOneOfUs (29 bytes)
Event: 0.586 Thread 0x000000001d8bd800 nmethod 511 0x0000000002dc5310 code [0x0000000002dc5480, 0x0000000002dc5908]
Event: 0.586 Thread 0x000000001d8bd800  521       4       org.testng.internal.annotations.JDK15TagFactory::createTag (245 bytes)
Event: 0.587 Thread 0x000000001d8bd800 nmethod 521 0x0000000002dc5c50 code [0x0000000002dc5e20, 0x0000000002dc6120]
Event: 0.587 Thread 0x000000001d8bd800  530       4       java.util.HashMap::hash (20 bytes)
Event: 0.587 Thread 0x000000001d8bd800 nmethod 530 0x0000000002dc2390 code [0x0000000002dc24e0, 0x0000000002dc2598]
Event: 0.587 Thread 0x000000001d8bd800  524       4       org.testng.internal.annotations.JDK15AnnotationFinder::findAnnotation (68 bytes)

GC Heap History (0 events):
No events

Deoptimization events (1 events):
Event: 0.351 Thread 0x000000000276e800 Uncommon trap: reason=unstable_if action=reinterpret pc=0x0000000002d1342c method=java.lang.String.indexOf([CII[CIII)I @ 134

Internal exceptions (9 events):
Event: 0.089 Thread 0x000000000276e800 Exception <a 'java/lang/NoSuchMethodError': Method sun.misc.Unsafe.defineClass(Ljava/lang/String;[BII)Ljava/lang/Class; name or signature does not match> (0x000000076b212f60) thrown at [C:\re\workspace\8-2-build-windows-amd64-cygwin\jdk8u60\4407\hotspot\srÂzÆ/(´¶?
Event: 0.089 Thread 0x000000000276e800 Exception <a 'java/lang/NoSuchMethodError': Method sun.misc.Unsafe.prefetchRead(Ljava/lang/Object;J)V name or signature does not match> (0x000000076b213248) thrown at [C:\re\workspace\8-2-build-windows-amd64-cygwin\jdk8u60\4407\hotspot\src\share\vm\prims\jûöÀr·eÊ?
Event: 0.206 Thread 0x000000000276e800 Exception <a 'java/security/PrivilegedActionException'> (0x000000076b646500) thrown at [C:\re\workspace\8-2-build-windows-amd64-cygwin\jdk8u60\4407\hotspot\src\share\vm\prims\jvm.cpp, line 1386]
Event: 0.206 Thread 0x000000000276e800 Exception <a 'java/security/PrivilegedActionException'> (0x000000076b646710) thrown at [C:\re\workspace\8-2-build-windows-amd64-cygwin\jdk8u60\4407\hotspot\src\share\vm\prims\jvm.cpp, line 1386]
Event: 0.207 Thread 0x000000000276e800 Exception <a 'java/security/PrivilegedActionException'> (0x000000076b64a558) thrown at [C:\re\workspace\8-2-build-windows-amd64-cygwin\jdk8u60\4407\hotspot\src\share\vm\prims\jvm.cpp, line 1386]
Event: 0.207 Thread 0x000000000276e800 Exception <a 'java/security/PrivilegedActionException'> (0x000000076b64a768) thrown at [C:\re\workspace\8-2-build-windows-amd64-cygwin\jdk8u60\4407\hotspot\src\share\vm\prims\jvm.cpp, line 1386]
Event: 0.251 Thread 0x000000000276e800 Exception <a 'java/lang/ArrayIndexOutOfBoundsException'> (0x000000076b79b0d8) thrown at [C:\re\workspace\8-2-build-windows-amd64-cygwin\jdk8u60\4407\hotspot\src\share\vm\runtime\sharedRuntime.cpp, line 605]
Event: 0.251 Thread 0x000000000276e800 Exception <a 'java/lang/ArrayIndexOutOfBoundsException'> (0x000000076b79bfe0) thrown at [C:\re\workspace\8-2-build-windows-amd64-cygwin\jdk8u60\4407\hotspot\src\share\vm\runtime\sharedRuntime.cpp, line 605]
Event: 0.509 Thread 0x000000000276e800 Exception <a 'java/lang/NoSuchMethodError': <clinit>> (0x000000076bc8ca20) thrown at [C:\re\workspace\8-2-build-windows-amd64-cygwin\jdk8u60\4407\hotspot\src\share\vm\prims\jni.cpp, line 1591]

Events (10 events):
Event: 0.579 loading class org/testng/internal/Graph
Event: 0.579 loading class org/testng/internal/Graph done
Event: 0.580 loading class org/testng/internal/ConfigurationMethod
Event: 0.580 loading class org/testng/internal/ConfigurationMethod done
Event: 0.582 loading class org/testng/internal/DefaultMethodSelectorContext
Event: 0.582 loading class org/testng/internal/DefaultMethodSelectorContext done
Event: 0.583 loading class org/testng/internal/MethodInheritance
Event: 0.583 loading class org/testng/internal/MethodInheritance done
Event: 0.583 loading class org/testng/internal/Graph$Node
Event: 0.583 loading class org/testng/internal/Graph$Node done


Dynamic libraries:
0x000000013fc40000 - 0x000000013fc77000 	C:\Program Files\Java\jdk1.8.0_60\bin\javaw.exe
0x0000000077000000 - 0x00000000771aa000 	C:\Windows\SYSTEM32\ntdll.dll
0x0000000076de0000 - 0x0000000076eff000 	C:\Windows\system32\kernel32.dll
0x000007fefce70000 - 0x000007fefceda000 	C:\Windows\system32\KERNELBASE.dll
0x0000000074a50000 - 0x0000000074ad9000 	C:\Windows\System32\SYSFER.DLL
0x000007fefeec0000 - 0x000007fefef9b000 	C:\Windows\system32\ADVAPI32.dll
0x000007fefdeb0000 - 0x000007fefdf4f000 	C:\Windows\system32\msvcrt.dll
0x000007fefdb50000 - 0x000007fefdb6f000 	C:\Windows\SYSTEM32\sechost.dll
0x000007fefd310000 - 0x000007fefd43d000 	C:\Windows\system32\RPCRT4.dll
0x0000000076f00000 - 0x0000000076ffa000 	C:\Windows\system32\USER32.dll
0x000007fefda40000 - 0x000007fefdaa7000 	C:\Windows\system32\GDI32.dll
0x000007fefdb40000 - 0x000007fefdb4e000 	C:\Windows\system32\LPK.dll
0x000007fefd520000 - 0x000007fefd5ea000 	C:\Windows\system32\USP10.dll
0x000007fefb1f0000 - 0x000007fefb3e4000 	C:\Windows\WinSxS\amd64_microsoft.windows.common-controls_6595b64144ccf1df_6.0.7601.18837_none_fa3b1e3d17594757\COMCTL32.dll
0x000007fefdac0000 - 0x000007fefdb31000 	C:\Windows\system32\SHLWAPI.dll
0x000007fefe100000 - 0x000007fefe12e000 	C:\Windows\system32\IMM32.DLL
0x000007fefdff0000 - 0x000007fefe0f9000 	C:\Windows\system32\MSCTF.dll
0x0000000066f80000 - 0x0000000067052000 	C:\Program Files\Java\jdk1.8.0_60\jre\bin\msvcr100.dll
0x000000005ced0000 - 0x000000005d759000 	C:\Program Files\Java\jdk1.8.0_60\jre\bin\server\jvm.dll
0x000007fef84e0000 - 0x000007fef84e9000 	C:\Windows\system32\WSOCK32.dll
0x000007fefde40000 - 0x000007fefde8d000 	C:\Windows\system32\WS2_32.dll
0x000007fefdab0000 - 0x000007fefdab8000 	C:\Windows\system32\NSI.dll
0x000007fefb180000 - 0x000007fefb1bb000 	C:\Windows\system32\WINMM.dll
0x000007fefbe10000 - 0x000007fefbe1c000 	C:\Windows\system32\VERSION.dll
0x00000000771d0000 - 0x00000000771d7000 	C:\Windows\system32\PSAPI.DLL
0x00000000721c0000 - 0x00000000721cf000 	C:\Program Files\Java\jdk1.8.0_60\jre\bin\verify.dll
0x000000006f130000 - 0x000000006f159000 	C:\Program Files\Java\jdk1.8.0_60\jre\bin\java.dll
0x000000006e820000 - 0x000000006e836000 	C:\Program Files\Java\jdk1.8.0_60\jre\bin\zip.dll
0x000007fefe130000 - 0x000007fefeebc000 	C:\Windows\system32\SHELL32.dll
0x000007fefd100000 - 0x000007fefd303000 	C:\Windows\system32\ole32.dll
0x000007fefcd40000 - 0x000007fefcd4f000 	C:\Windows\system32\profapi.dll
0x000000006b790000 - 0x000000006b7aa000 	C:\Program Files\Java\jdk1.8.0_60\jre\bin\net.dll
0x000007fefc610000 - 0x000007fefc665000 	C:\Windows\system32\mswsock.dll
0x000007fefc5e0000 - 0x000007fefc5e7000 	C:\Windows\System32\wship6.dll
0x000007fefbee0000 - 0x000007fefbee7000 	C:\Windows\System32\wshtcpip.dll
0x000007fefc360000 - 0x000007fefc3bb000 	C:\Windows\system32\DNSAPI.dll
0x000000006fc30000 - 0x000000006fc56000 	C:\Program Files\Bonjour\mdnsNSP.dll
0x000007fefa9b0000 - 0x000007fefa9d7000 	C:\Windows\system32\Iphlpapi.DLL
0x000007fefa9a0000 - 0x000007fefa9ab000 	C:\Windows\system32\WINNSI.DLL
0x000007fef3f90000 - 0x000007fef3f98000 	C:\Windows\system32\rasadhlp.dll
0x000007fefa820000 - 0x000007fefa873000 	C:\Windows\System32\fwpuclnt.dll
0x000007fefc6e0000 - 0x000007fefc6f8000 	C:\Windows\system32\CRYPTSP.dll
0x000007fefc240000 - 0x000007fefc287000 	C:\Windows\system32\rsaenh.dll
0x000007fefcd60000 - 0x000007fefcd7e000 	C:\Windows\system32\USERENV.dll
0x000007fefcbe0000 - 0x000007fefcbef000 	C:\Windows\system32\CRYPTBASE.dll
0x000007fefa6f0000 - 0x000007fefa701000 	C:\Windows\system32\dhcpcsvc6.DLL
0x000007fefa560000 - 0x000007fefa578000 	C:\Windows\system32\dhcpcsvc.DLL
0x000000006b770000 - 0x000000006b781000 	C:\Program Files\Java\jdk1.8.0_60\jre\bin\nio.dll

VM Arguments:
jvm_args: -ea -Dfile.encoding=MS949 
java_command: org.testng.remote.RemoteTestNG -serport 59188 -d C:\Users\NAVER\git\MusicAndroidApp\musicapp\test-output C:\Users\NAVER\AppData\Local\Temp\testng-eclipse--352181813\testng-customsuite.xml
java_class_path (initial): C:\Users\NAVER\git\MusicAndroidApp\musicapp\target\test-classes;C:\Users\NAVER\git\MusicAndroidApp\musicapp\target\classes;C:\Users\NAVER\Downloads\eclipse-jee-mars-R-win32-x86_64\eclipse\plugins\org.junit_4.12.0.v201504281640\junit.jar;C:\Users\NAVER\Downloads\eclipse-jee-mars-R-win32-x86_64\eclipse\plugins\org.hamcrest.core_1.3.0.v201303031735.jar;C:\Users\NAVER\Downloads\¼¿·¹´½½ºÅÍµð\appium_cucumber\java-client-2.1.0.jar;C:\Users\NAVER\Downloads\¼¿·¹´½½ºÅÍµð\appium_cucumber\selenium-java-2.45.0\selenium-2.45.0\selenium-java-2.45.0.jar;C:\Users\NAVER\Downloads\¼¿·¹´½½ºÅÍµð\appium_cucumber\selenium-java-2.45.0\selenium-2.45.0\selenium-java-2.45.0-srcs.jar;C:\Users\NAVER\Downloads\¼¿·¹´½½ºÅÍµð\appium_cucumber\selenium-java-2.45.0\selenium-2.45.0\libs\selenium-server-standalone-2.45.0.jar;C:\Users\NAVER\.m2\repository\junit\junit\4.12\junit-4.12.jar;C:\Users\NAVER\.m2\repository\org\hamcrest\hamcrest-core\1.3\hamcrest-core-1.3.jar
Launcher Type: SUN_STANDARD

Environment Variables:
JAVA_HOME=C:\Program Files\Java\jdk1.8.0_60
PATH=C:/Program Files/Java/jre1.8.0_102/bin/server;C:/Program Files/Java/jre1.8.0_102/bin;C:/Program Files/Java/jre1.8.0_102/lib/amd64;C:\ProgramData\Oracle\Java\javapath;C:\Program Files (x86)\iis express\PHP\v5.4;C:\Program Files (x86)\Google\Chrome\Application;C:\Windows\system32;C:\Windows;C:\Windows\System32\Wbem;C:\Windows\System32\WindowsPowerShell\v1.0\;C:\Program Files\Java\jdk1.8.0_60\bin;C:\Android\android-sdk_r24.3.4-windows\android-sdk-windows\tools;C:\Android\android-sdk_r24.3.4-windows\android-sdk-windowsplatform-tools;C:\Program Files\nodejs\;C:\Android\android-sdk_r24.3.4-windows\android-sdk-windows\platform-tools;C:\Users\NAVER\AppData\Roaming\npm;C:\Users\NAVER\Downloads\eclipse-jee-mars-R-win32-x86_64\eclipse;
USERNAME=NAVER
OS=Windows_NT
PROCESSOR_IDENTIFIER=Intel64 Family 6 Model 60 Stepping 3, GenuineIntel



---------------  S Y S T E M  ---------------

OS: Windows 7 , 64 bit Build 7601 (6.1.7601.23418)

CPU:total 8 (4 cores per cpu, 2 threads per core) family 6 model 60 stepping 3, cmov, cx8, fxsr, mmx, sse, sse2, sse3, ssse3, sse4.1, sse4.2, popcnt, avx, avx2, aes, clmul, erms, rtm, lzcnt, ht, tsc, tscinvbit, bmi1, bmi2

Memory: 4k page, physical 16681304k(2639444k free), swap 16679444k(3968k free)

vm_info: Java HotSpot(TM) 64-Bit Server VM (25.60-b23) for windows-amd64 JRE (1.8.0_60-b27), built on Aug  4 2015 11:06:27 by "java_re" with MS VC++ 10.0 (VS2010)

time: Fri Aug 26 13:56:39 2016
elapsed time: 0 seconds (0d 0h 0m 0s)

